<?xml version="1.0" encoding="UTF-8"?>
<!-- Generated by org.testng.reporters.JUnitReportReporter -->
<testsuite hostname="DESKTOP-C9NFQ72" failures="0" tests="1" name="Testcases.Test4" time="4.616" errors="0" timestamp="15 Jan 2020 11:07:30 GMT">
  <testcase classname="Testcases.Test4" name="getweatherdetails" time="4.616"/>
</testsuite> <!-- Testcases.Test4 -->
