<?xml version="1.0" encoding="UTF-8"?>
<!-- Generated by org.testng.reporters.JUnitReportReporter -->
<testsuite hostname="DESKTOP-C9NFQ72" failures="0" tests="1" name="Testcases.Test3" time="4.699" errors="0" timestamp="15 Jan 2020 09:25:55 GMT">
  <testcase classname="Testcases.Test3" name="getweatherdetails" time="4.699"/>
</testsuite> <!-- Testcases.Test3 -->
