<?xml version="1.0" encoding="UTF-8"?>
<!-- Generated by org.testng.reporters.JUnitReportReporter -->
<testsuite hostname="DESKTOP-C9NFQ72" failures="0" tests="1" name="Testcases.Test5" time="3.106" errors="0" timestamp="15 Jan 2020 11:54:59 GMT">
  <testcase classname="Testcases.Test5" name="getweatherdetails" time="3.106"/>
</testsuite> <!-- Testcases.Test5 -->
