<?xml version="1.0" encoding="UTF-8"?>
<!-- Generated by org.testng.reporters.JUnitReportReporter -->
<testsuite hostname="DESKTOP-C9NFQ72" failures="0" tests="1" name="Testcases.Test1" time="3.101" errors="0" timestamp="15 Jan 2020 08:45:42 GMT">
  <testcase classname="Testcases.Test1" name="getweatherdetails" time="3.101"/>
</testsuite> <!-- Testcases.Test1 -->
