<?xml version="1.0" encoding="UTF-8"?>
<!-- Generated by org.testng.reporters.JUnitReportReporter -->
<testsuite hostname="DESKTOP-C9NFQ72" failures="0" tests="7" name="com.employeeapi.testCases.TC001_Get_All_Employees" time="0.291" errors="0" timestamp="2020-01-22T14:48:02 IST" skipped="0">
  <testcase classname="com.employeeapi.testCases.TC001_Get_All_Employees" name="statusLine" time="0.005"/>
  <system-out/>
  <testcase classname="com.employeeapi.testCases.TC001_Get_All_Employees" name="checkResponseBody" time="0.194"/>
  <system-out/>
  <testcase classname="com.employeeapi.testCases.TC001_Get_All_Employees" name="checkStatusCode" time="0.016"/>
  <system-out/>
  <testcase classname="com.employeeapi.testCases.TC001_Get_All_Employees" name="checkResponseTime" time="0.049"/>
  <system-out/>
  <testcase classname="com.employeeapi.testCases.TC001_Get_All_Employees" name="checkContentType" time="0.011"/>
  <system-out/>
  <testcase classname="com.employeeapi.testCases.TC001_Get_All_Employees" name="checkserverType" time="0.006"/>
  <system-out/>
  <testcase classname="com.employeeapi.testCases.TC001_Get_All_Employees" name="checkcontentEncoding" time="0.010"/>
  <system-out/>
</testsuite> <!-- com.employeeapi.testCases.TC001_Get_All_Employees -->
